<?xml version="1.0" encoding="UTF-8"?>
<!-- Generated by org.testng.reporters.JUnitReportReporter -->
<testsuite skipped="0" hostname="DESKTOP-FVVPMEF" name="forTestClass.DemoA" tests="2" failures="0" timestamp="26 Jun 2019 15:05:35 GMT" time="0.012" errors="0">
  <testcase name="testB" time="0.003" classname="forTestClass.DemoA"/>
  <testcase name="testA" time="0.009" classname="forTestClass.DemoA"/>
</testsuite> <!-- forTestClass.DemoA -->
