<?xml version="1.0" encoding="UTF-8"?>
<!-- Generated by org.testng.reporters.JUnitReportReporter -->
<testsuite skipped="0" hostname="DESKTOP-FVVPMEF" name="forTestClass.DemoC" tests="7" failures="0" timestamp="14 Jun 2019 11:53:08 GMT" time="0.031" errors="0">
  <testcase name="registerUser" time="0.007" classname="forTestClass.DemoC"/>
  <testcase name="registerUser" time="0.003" classname="forTestClass.DemoC"/>
  <testcase name="registerUser" time="0.011" classname="forTestClass.DemoC"/>
  <testcase name="registerUser" time="0.002" classname="forTestClass.DemoC"/>
  <testcase name="deleteUser" time="0.003" classname="forTestClass.DemoC"/>
  <testcase name="registerUser" time="0.003" classname="forTestClass.DemoC"/>
  <testcase name="editUser" time="0.002" classname="forTestClass.DemoC"/>
</testsuite> <!-- forTestClass.DemoC -->
