<?xml version="1.0" encoding="UTF-8"?>
<!-- Generated by org.testng.reporters.JUnitReportReporter -->
<testsuite skipped="0" hostname="DESKTOP-FVVPMEF" name="forTestClass.DataProvider_DemoB" tests="2" failures="0" timestamp="14 Jun 2019 15:24:54 GMT" time="0.009" errors="0">
  <testcase name="createUser" time="0.007" classname="forTestClass.DataProvider_DemoB"/>
  <testcase name="createUser" time="0.002" classname="forTestClass.DataProvider_DemoB"/>
</testsuite> <!-- forTestClass.DataProvider_DemoB -->
