<?xml version="1.0" encoding="UTF-8"?>
<!-- Generated by org.testng.reporters.JUnitReportReporter -->
<testsuite skipped="0" hostname="DESKTOP-FVVPMEF" name="forTestClass.DemoB" tests="6" failures="0" timestamp="26 Jun 2019 15:05:35 GMT" time="0.014" errors="0">
  <testcase name="createUser" time="0.002" classname="forTestClass.DemoB"/>
  <testcase name="editUser" time="0.002" classname="forTestClass.DemoB"/>
  <testcase name="delete" time="0.003" classname="forTestClass.DemoB"/>
  <testcase name="createtask" time="0.002" classname="forTestClass.DemoB"/>
  <testcase name="edittask" time="0.003" classname="forTestClass.DemoB"/>
  <testcase name="deletetask" time="0.002" classname="forTestClass.DemoB"/>
</testsuite> <!-- forTestClass.DemoB -->
