<?xml version="1.0" encoding="UTF-8"?>
<!-- Generated by org.testng.reporters.JUnitReportReporter -->
<testsuite skipped="0" hostname="DESKTOP-FVVPMEF" name="forTestClass.DataproviderDemo" tests="2" failures="0" timestamp="12 Aug 2019 09:49:19 GMT" time="0.011" errors="0">
  <testcase name="createUser" time="0.009" classname="forTestClass.DataproviderDemo"/>
  <testcase name="createUser" time="0.002" classname="forTestClass.DataproviderDemo"/>
</testsuite> <!-- forTestClass.DataproviderDemo -->
