<?xml version="1.0" encoding="UTF-8"?>
<!-- Generated by org.testng.reporters.JUnitReportReporter -->
<testsuite skipped="0" hostname="DESKTOP-FVVPMEF" name="forDemo.Demo1" tests="2" failures="0" timestamp="12 Aug 2019 09:48:27 GMT" time="0.012" errors="0">
  <testcase name="testA" time="0.008" classname="forDemo.Demo1"/>
  <testcase name="testB" time="0.004" classname="forDemo.Demo1"/>
</testsuite> <!-- forDemo.Demo1 -->
